<?xml version="1.0" encoding="UTF-8"?>
<testsuite xmlns:xsi="http://www.w3.org/2001/XMLSchema-instance" xsi:noNamespaceSchemaLocation="https://maven.apache.org/surefire/maven-surefire-plugin/xsd/surefire-test-report-3.0.xsd" version="3.0" name="calculoimc.CalculoImc.IMCValoresEspecificosTests" time="0.028" tests="4" errors="0" skipped="0" failures="0">
  <properties>
[...]
</properties>
  <testcase name="imcAdulto60e170" classname="calculoimc.CalculoImc.IMCValoresEspecificosTests" time="0.008"/>
  <testcase name="imcAdulto90e180" classname="calculoimc.CalculoImc.IMCValoresEspecificosTests" time="0.007"/>
  <testcase name="imcAumentaComPeso" classname="calculoimc.CalculoImc.IMCValoresEspecificosTests" time="0.004"/>
  <testcase name="imcDiminuiComAltura" classname="calculoimc.CalculoImc.IMCValoresEspecificosTests" time="0.003"/>
</testsuite>